<?xml version="1.0" encoding="UTF-8"?>
<testng-results ignored="0" total="1" passed="1" failed="0" skipped="0">
  <reporter-output>
  </reporter-output>
  <suite started-at="2025-05-28T08:04:55 IST" name="Default suite" finished-at="2025-05-28T08:07:40 IST" duration-ms="165249">
    <groups>
    </groups>
    <test started-at="2025-05-28T08:04:55 IST" name="Default test" finished-at="2025-05-28T08:07:40 IST" duration-ms="165249">
      <class name="com.dell.delta.testScenarios.AppName.Test1">
        <test-method is-config="true" signature="openBroser()[pri:0, instance:com.dell.delta.testScenarios.AppName.Test1@7e057f43]" started-at="2025-05-28T08:04:55 IST" name="openBroser" finished-at="2025-05-28T08:05:05 IST" duration-ms="10258" status="PASS">
          <reporter-output>
          </reporter-output>
        </test-method> <!-- openBroser -->
        <test-method signature="loginToApp()[pri:0, instance:com.dell.delta.testScenarios.AppName.Test1@7e057f43]" started-at="2025-05-28T08:05:05 IST" name="loginToApp" finished-at="2025-05-28T08:07:40 IST" duration-ms="154914" status="PASS">
          <reporter-output>
          </reporter-output>
        </test-method> <!-- loginToApp -->
      </class> <!-- com.dell.delta.testScenarios.AppName.Test1 -->
    </test> <!-- Default test -->
  </suite> <!-- Default suite -->
</testng-results>
